<?xml version="1.0" encoding="UTF-8"?>
<!-- Generated by org.testng.reporters.JUnitReportReporter -->
<testsuite hostname="DESKTOP-FS9558N" failures="0" tests="1" name="practice.AppiumFramework.ecommerce_tc_3" time="35.973" errors="0" timestamp="18 Jan 2021 01:42:36 GMT" skipped="0">
  <testcase classname="practice.AppiumFramework.ecommerce_tc_3" name="totalValidation" time="35.973"/>
</testsuite> <!-- practice.AppiumFramework.ecommerce_tc_3 -->
