<?xml version="1.0" encoding="UTF-8"?>
<!-- Generated by org.testng.reporters.JUnitReportReporter -->
<testsuite hostname="DESKTOP-FS9558N" failures="0" tests="2" name="mvnnewproject.Mavenjava.SeleniumTest" time="0.001" errors="0" timestamp="07 Jan 2021 06:33:45 GMT" skipped="0">
  <testcase classname="mvnnewproject.Mavenjava.SeleniumTest" name="elementsUi" time="0.000"/>
  <testcase classname="mvnnewproject.Mavenjava.SeleniumTest" name="BrowserAutomaiton" time="0.001"/>
</testsuite> <!-- mvnnewproject.Mavenjava.SeleniumTest -->
