<?xml version="1.0" encoding="UTF-8"?>
<!-- Generated by org.testng.reporters.JUnitReportReporter -->
<testsuite hostname="DESKTOP-FS9558N" failures="0" tests="2" name="mvnnewproject.Mavenjava.AppiumTest" time="0.016" errors="0" timestamp="07 Jan 2021 06:33:45 GMT" skipped="0">
  <testcase classname="mvnnewproject.Mavenjava.AppiumTest" name="NativeAppAndroid" time="0.001"/>
  <testcase classname="mvnnewproject.Mavenjava.AppiumTest" name="IosApp" time="0.015"/>
</testsuite> <!-- mvnnewproject.Mavenjava.AppiumTest -->
