<?xml version="1.0" encoding="UTF-8"?>
<!-- Generated by org.testng.reporters.JUnitReportReporter -->
<testsuite hostname="DESKTOP-FS9558N" failures="0" tests="2" name="test.day2" time="0.004" errors="0" timestamp="2021-01-04T20:40:45 PST" skipped="0">
  <testcase classname="test.day2" name="Demo2" time="0.002"/>
  <system-out/>
  <testcase classname="test.day2" name="SecondDemo2" time="0.002"/>
  <system-out/>
</testsuite> <!-- test.day2 -->
