<?xml version="1.0" encoding="UTF-8"?>
<!-- Generated by org.testng.reporters.JUnitReportReporter -->
<testsuite hostname="DESKTOP-FS9558N" failures="0" tests="1" name="test.day3" time="0.001" errors="0" timestamp="2021-01-04T20:40:45 PST" skipped="0">
  <testcase classname="test.day3" name="Demo3" time="0.001"/>
  <system-out/>
</testsuite> <!-- test.day3 -->
